11.2077 	EXP 	Created window1 = Window(allowGUI=False, allowStencil=False, args=UNKNOWN, autoLog=True, bitsMode=UNKNOWN, blendMode='avg', color=array([1., 1., 1.]), colorSpace='rgb', fullscr=<method-wrapper '__getattribute__' of attributeSetter object at 0x1374ffd30>, gamma=None, gammaErrorPolicy='raise', kwargs=UNKNOWN, lms=UNKNOWN, monitor=<psychopy.monitors.calibTools.Monitor object at 0x13720b748>, multiSample=False, name='window1', numSamples=2, pos=[0.0, 0.0], screen=0, size=array([1440,  900]), stereo=False, units='height', useFBO=True, useRetina=False, viewOri=0.0, viewPos=None, viewScale=None, waitBlanking=True, winType='pyglet')
11.2077 	EXP 	window1: recordFrameIntervals = False
11.3736 	EXP 	window1: recordFrameIntervals = True
11.5572 	EXP 	window1: recordFrameIntervals = False
12.8125 	EXP 	Created text = TextStim(__class__=<class 'psychopy.visual.text.TextStim'>, alignHoriz='center', alignVert='center', antialias=True, autoLog=True, bold=False, color='black', colorSpace='named', contrast=1.0, depth=0.0, flipHoriz=False, flipVert=False, font='Arial', fontFiles=[], height=0.03, italic=False, languageStyle='LTR', name='text', opacity=1.0, ori=0, pos=array([0., 0.]), rgb=array([0., 0., 0.]), text=str(...), units='height', win=Window(...), wrapWidth=1)
13.0635 	EXP 	Sound sound1_1 set volume 1.000
13.0638 	EXP 	Sound sound1_2 set volume 1.000
13.1576 	EXP 	Created HigherLower_msg1 = TextStim(__class__=<class 'psychopy.visual.text.TextStim'>, alignHoriz='center', alignVert='center', antialias=True, autoLog=True, bold=False, color='white', colorSpace='named', contrast=1.0, depth=-2.0, flipHoriz=False, flipVert=False, font='Arial', fontFiles=[], height=1.0, italic=False, languageStyle='LTR', name='HigherLower_msg1', opacity=1.0, ori=0, pos=array([0., 0.]), rgb=array([255., 255., 255.]), text='default text', units='height', win=Window(...), wrapWidth=1)
13.3843 	EXP 	Created text_3 = TextStim(__class__=<class 'psychopy.visual.text.TextStim'>, alignHoriz='center', alignVert='center', antialias=True, autoLog=True, bold=False, color='black', colorSpace='named', contrast=1.0, depth=-4.0, flipHoriz=False, flipVert=False, font='Arial', fontFiles=[], height=0.1, italic=False, languageStyle='LTR', name='text_3', opacity=1.0, ori=0, pos=array([0., 0.]), rgb=array([0., 0., 0.]), text='default text', units='height', win=Window(...), wrapWidth=1)
13.5620 	EXP 	Created text_4 = TextStim(__class__=<class 'psychopy.visual.text.TextStim'>, alignHoriz='center', alignVert='center', antialias=True, autoLog=True, bold=False, color='black', colorSpace='named', contrast=1.0, depth=0.0, flipHoriz=False, flipVert=False, font='Arial', fontFiles=[], height=0.1, italic=False, languageStyle='LTR', name='text_4', opacity=1.0, ori=0, pos=array([0., 0.]), rgb=array([0., 0., 0.]), text=str(...), units='height', win=Window(...), wrapWidth=1)
13.7625 	EXP 	Sound sound2_1 set volume 1.000
13.7626 	EXP 	Sound sound2_2 set volume 1.000
13.7943 	EXP 	Created HigherLower_msg2 = TextStim(__class__=<class 'psychopy.visual.text.TextStim'>, alignHoriz='center', alignVert='center', antialias=True, autoLog=True, bold=False, color='black', colorSpace='named', contrast=1.0, depth=-2.0, flipHoriz=False, flipVert=False, font='Arial', fontFiles=[], height=0.1, italic=False, languageStyle='LTR', name='HigherLower_msg2', opacity=1.0, ori=0, pos=array([0. , 0.1]), rgb=array([0., 0., 0.]), text=str(...), units='height', win=Window(...), wrapWidth=1)
14.0010 	EXP 	Created text_2 = TextStim(__class__=<class 'psychopy.visual.text.TextStim'>, alignHoriz='center', alignVert='center', antialias=True, autoLog=True, bold=False, color='black', colorSpace='named', contrast=1.0, depth=-4.0, flipHoriz=False, flipVert=False, font='Arial', fontFiles=[], height=0.1, italic=False, languageStyle='LTR', name='text_2', opacity=1.0, ori=0, pos=array([0., 0.]), rgb=array([0., 0., 0.]), text='default text', units='height', win=Window(...), wrapWidth=1)
14.0191 	EXP 	Created text_5 = TextStim(__class__=<class 'psychopy.visual.text.TextStim'>, alignHoriz='center', alignVert='center', antialias=True, autoLog=True, bold=False, color='black', colorSpace='named', contrast=1.0, depth=0.0, flipHoriz=False, flipVert=False, font='Arial', fontFiles=[], height=0.1, italic=False, languageStyle='LTR', name='text_5', opacity=1.0, ori=0, pos=array([0., 0.]), rgb=array([0., 0., 0.]), text='Thank you for participating in the experiment.', units='height', win=Window(...), wrapWidth=1)
14.0413 	EXP 	text: autoDraw = True
15.1901 	EXP 	Imported practice_stimuli.xlsx as conditions, 8 conditions, 3 params
15.1907 	EXP 	Created sequence: fullRandom, trialTypes=8, nReps=1, seed=None
15.1911 	EXP 	New trial (rep=0, index=0): OrderedDict([('sound1', 'sound/medMusic40.wav'), ('sound2', 'sound/medMusic38.wav'), ('corrAns', 'z')])
15.3106 	DATA 	Keypress: space
15.3241 	EXP 	text: autoDraw = False
15.3241 	EXP 	HigherLower_msg1: color = 'black (named)'
15.3241 	EXP 	HigherLower_msg1: pos = array([0. , 0.1])
15.3241 	EXP 	HigherLower_msg1: text = 'Was the second tone higher ("m") or lower ("z") than the first tone?\n\n'
15.3241 	EXP 	HigherLower_msg1: font = 'Arial'
15.3241 	EXP 	HigherLower_msg1: height = 0.05
15.3241 	EXP 	text_3: text = '1/8'
15.3241 	EXP 	HigherLower_msg1: autoDraw = True
15.3241 	EXP 	text_3: autoDraw = True
15.3241 	EXP 	HigherLower_msg1: text = 'Was the second tone higher ("m") or lower ("z") than the first tone?\n\n'
17.9437 	EXP 	New trial (rep=0, index=1): OrderedDict([('sound1', 'sound/medMusic40.wav'), ('sound2', 'sound/medMusic42.wav'), ('corrAns', 'm')])
17.9698 	DATA 	Keypress: z
17.9907 	EXP 	HigherLower_msg1: autoDraw = False
17.9907 	EXP 	text_3: autoDraw = False
17.9907 	EXP 	HigherLower_msg1: color = 'black (named)'
17.9907 	EXP 	HigherLower_msg1: pos = array([0. , 0.1])
17.9907 	EXP 	HigherLower_msg1: text = 'Was the second tone higher ("m") or lower ("z") than the first tone?\n\n'
17.9907 	EXP 	HigherLower_msg1: font = 'Arial'
17.9907 	EXP 	HigherLower_msg1: height = 0.05
17.9907 	EXP 	text_3: text = '2/8'
17.9907 	EXP 	HigherLower_msg1: autoDraw = True
17.9907 	EXP 	text_3: autoDraw = True
17.9907 	EXP 	HigherLower_msg1: text = 'Was the second tone higher ("m") or lower ("z") than the first tone?\n\n'
20.4609 	DATA 	Keypress: m
20.7304 	DATA 	Keypress: m
22.4268 	DATA 	Keypress: m
23.8438 	DATA 	Keypress: escape
24.3209 	EXP 	window1: mouseVisible = True
