10.8386 	EXP 	Created window1 = Window(allowGUI=False, allowStencil=False, args=UNKNOWN, autoLog=True, bitsMode=UNKNOWN, blendMode='avg', color=array([1., 1., 1.]), colorSpace='rgb', fullscr=<method-wrapper '__getattribute__' of attributeSetter object at 0x137707cf8>, gamma=None, gammaErrorPolicy='raise', kwargs=UNKNOWN, lms=UNKNOWN, monitor=<psychopy.monitors.calibTools.Monitor object at 0x137413710>, multiSample=False, name='window1', numSamples=2, pos=[0.0, 0.0], screen=0, size=array([1440,  900]), stereo=False, units='height', useFBO=True, useRetina=False, viewOri=0.0, viewPos=None, viewScale=None, waitBlanking=True, winType='pyglet')
10.8386 	EXP 	window1: recordFrameIntervals = False
11.0043 	EXP 	window1: recordFrameIntervals = True
11.1882 	EXP 	window1: recordFrameIntervals = False
12.4898 	EXP 	Created text = TextStim(__class__=<class 'psychopy.visual.text.TextStim'>, alignHoriz='center', alignVert='center', antialias=True, autoLog=True, bold=False, color='black', colorSpace='named', contrast=1.0, depth=0.0, flipHoriz=False, flipVert=False, font='Arial', fontFiles=[], height=0.03, italic=False, languageStyle='LTR', name='text', opacity=1.0, ori=0, pos=array([0., 0.]), rgb=array([0., 0., 0.]), text=str(...), units='height', win=Window(...), wrapWidth=1)
12.7612 	EXP 	Sound sound1_1 set volume 1.000
12.7613 	EXP 	Sound sound1_2 set volume 1.000
12.8541 	EXP 	Created HigherLower_msg1 = TextStim(__class__=<class 'psychopy.visual.text.TextStim'>, alignHoriz='center', alignVert='center', antialias=True, autoLog=True, bold=False, color='white', colorSpace='named', contrast=1.0, depth=-2.0, flipHoriz=False, flipVert=False, font='Arial', fontFiles=[], height=1.0, italic=False, languageStyle='LTR', name='HigherLower_msg1', opacity=1.0, ori=0, pos=array([0., 0.]), rgb=array([255., 255., 255.]), text='default text', units='height', win=Window(...), wrapWidth=1)
13.0949 	EXP 	Created text_3 = TextStim(__class__=<class 'psychopy.visual.text.TextStim'>, alignHoriz='center', alignVert='center', antialias=True, autoLog=True, bold=False, color='black', colorSpace='named', contrast=1.0, depth=-4.0, flipHoriz=False, flipVert=False, font='Arial', fontFiles=[], height=0.1, italic=False, languageStyle='LTR', name='text_3', opacity=1.0, ori=0, pos=array([0., 0.]), rgb=array([0., 0., 0.]), text='default text', units='height', win=Window(...), wrapWidth=1)
13.2705 	EXP 	Created text_4 = TextStim(__class__=<class 'psychopy.visual.text.TextStim'>, alignHoriz='center', alignVert='center', antialias=True, autoLog=True, bold=False, color='black', colorSpace='named', contrast=1.0, depth=0.0, flipHoriz=False, flipVert=False, font='Arial', fontFiles=[], height=0.1, italic=False, languageStyle='LTR', name='text_4', opacity=1.0, ori=0, pos=array([0., 0.]), rgb=array([0., 0., 0.]), text=str(...), units='height', win=Window(...), wrapWidth=1)
13.4808 	EXP 	Sound sound2_1 set volume 1.000
13.4809 	EXP 	Sound sound2_2 set volume 1.000
13.5144 	EXP 	Created HigherLower_msg2 = TextStim(__class__=<class 'psychopy.visual.text.TextStim'>, alignHoriz='center', alignVert='center', antialias=True, autoLog=True, bold=False, color='black', colorSpace='named', contrast=1.0, depth=-2.0, flipHoriz=False, flipVert=False, font='Arial', fontFiles=[], height=0.1, italic=False, languageStyle='LTR', name='HigherLower_msg2', opacity=1.0, ori=0, pos=array([0., 0.]), rgb=array([0., 0., 0.]), text=str(...), units='height', win=Window(...), wrapWidth=1)
13.7317 	EXP 	Created text_2 = TextStim(__class__=<class 'psychopy.visual.text.TextStim'>, alignHoriz='center', alignVert='center', antialias=True, autoLog=True, bold=False, color='black', colorSpace='named', contrast=1.0, depth=-4.0, flipHoriz=False, flipVert=False, font='Arial', fontFiles=[], height=0.1, italic=False, languageStyle='LTR', name='text_2', opacity=1.0, ori=0, pos=array([0., 0.]), rgb=array([0., 0., 0.]), text='default text', units='height', win=Window(...), wrapWidth=1)
13.7515 	EXP 	Created text_5 = TextStim(__class__=<class 'psychopy.visual.text.TextStim'>, alignHoriz='center', alignVert='center', antialias=True, autoLog=True, bold=False, color='black', colorSpace='named', contrast=1.0, depth=0.0, flipHoriz=False, flipVert=False, font='Arial', fontFiles=[], height=0.1, italic=False, languageStyle='LTR', name='text_5', opacity=1.0, ori=0, pos=array([0., 0.]), rgb=array([0., 0., 0.]), text='Thank you for participating in the experiment.', units='height', win=Window(...), wrapWidth=1)
13.7739 	EXP 	text: autoDraw = True
14.4392 	EXP 	Imported practice_stimuli.xlsx as conditions, 8 conditions, 3 params
14.4398 	EXP 	Created sequence: fullRandom, trialTypes=8, nReps=1, seed=None
14.4401 	EXP 	New trial (rep=0, index=0): OrderedDict([('sound1', 'sound/medMusic40.wav'), ('sound2', 'sound/medMusic48.wav'), ('corrAns', '/')])
14.5614 	DATA 	Keypress: space
14.5713 	EXP 	text: autoDraw = False
14.5713 	EXP 	HigherLower_msg1: color = 'black (named)'
14.5713 	EXP 	HigherLower_msg1: pos = array([0.6667, 0.5   ])
14.5713 	EXP 	HigherLower_msg1: text = 'Was the second tone higher ("/") or lower ("z") than the first tone?\n\n'
14.5713 	EXP 	HigherLower_msg1: font = 'Arial'
14.5713 	EXP 	HigherLower_msg1: height = 0.05
14.5713 	EXP 	text_3: text = '1/8'
14.5713 	EXP 	HigherLower_msg1: autoDraw = True
14.5713 	EXP 	text_3: autoDraw = True
14.5713 	EXP 	HigherLower_msg1: text = 'Was the second tone higher ("/") or lower ("z") than the first tone?\n\n'
17.8246 	DATA 	Keypress: q
19.0425 	DATA 	Keypress: escape
19.6329 	EXP 	window1: mouseVisible = True
