11.4794 	EXP 	Created window1 = Window(allowGUI=False, allowStencil=False, args=UNKNOWN, autoLog=True, bitsMode=UNKNOWN, blendMode='avg', color=array([1., 1., 1.]), colorSpace='rgb', fullscr=<method-wrapper '__getattribute__' of attributeSetter object at 0x137987d30>, gamma=None, gammaErrorPolicy='raise', kwargs=UNKNOWN, lms=UNKNOWN, monitor=<psychopy.monitors.calibTools.Monitor object at 0x137563748>, multiSample=False, name='window1', numSamples=2, pos=[0.0, 0.0], screen=0, size=array([1440,  900]), stereo=False, units='height', useFBO=True, useRetina=False, viewOri=0.0, viewPos=None, viewScale=None, waitBlanking=True, winType='pyglet')
11.4795 	EXP 	window1: recordFrameIntervals = False
11.6452 	EXP 	window1: recordFrameIntervals = True
11.8290 	EXP 	window1: recordFrameIntervals = False
13.1051 	EXP 	Created text = TextStim(__class__=<class 'psychopy.visual.text.TextStim'>, alignHoriz='center', alignVert='center', antialias=True, autoLog=True, bold=False, color='black', colorSpace='named', contrast=1.0, depth=0.0, flipHoriz=False, flipVert=False, font='Arial', fontFiles=[], height=0.03, italic=False, languageStyle='LTR', name='text', opacity=1.0, ori=0, pos=array([0., 0.]), rgb=array([0., 0., 0.]), text=str(...), units='height', win=Window(...), wrapWidth=1)
13.3478 	EXP 	Sound sound1_1 set volume 1.000
13.3480 	EXP 	Sound sound1_2 set volume 1.000
13.4389 	EXP 	Created HigherLower_msg1 = TextStim(__class__=<class 'psychopy.visual.text.TextStim'>, alignHoriz='center', alignVert='center', antialias=True, autoLog=True, bold=False, color='white', colorSpace='named', contrast=1.0, depth=-2.0, flipHoriz=False, flipVert=False, font='Arial', fontFiles=[], height=1.0, italic=False, languageStyle='LTR', name='HigherLower_msg1', opacity=1.0, ori=0, pos=array([0., 0.]), rgb=array([255., 255., 255.]), text='default text', units='height', win=Window(...), wrapWidth=1)
13.6651 	EXP 	Created text_3 = TextStim(__class__=<class 'psychopy.visual.text.TextStim'>, alignHoriz='center', alignVert='center', antialias=True, autoLog=True, bold=False, color='black', colorSpace='named', contrast=1.0, depth=-4.0, flipHoriz=False, flipVert=False, font='Arial', fontFiles=[], height=0.1, italic=False, languageStyle='LTR', name='text_3', opacity=1.0, ori=0, pos=array([0., 0.]), rgb=array([0., 0., 0.]), text='default text', units='height', win=Window(...), wrapWidth=1)
13.8359 	EXP 	Created text_4 = TextStim(__class__=<class 'psychopy.visual.text.TextStim'>, alignHoriz='center', alignVert='center', antialias=True, autoLog=True, bold=False, color='black', colorSpace='named', contrast=1.0, depth=0.0, flipHoriz=False, flipVert=False, font='Arial', fontFiles=[], height=0.1, italic=False, languageStyle='LTR', name='text_4', opacity=1.0, ori=0, pos=array([0., 0.]), rgb=array([0., 0., 0.]), text=str(...), units='height', win=Window(...), wrapWidth=1)
14.0349 	EXP 	Sound sound2_1 set volume 1.000
14.0350 	EXP 	Sound sound2_2 set volume 1.000
14.0670 	EXP 	Created HigherLower_msg2 = TextStim(__class__=<class 'psychopy.visual.text.TextStim'>, alignHoriz='center', alignVert='center', antialias=True, autoLog=True, bold=False, color='black', colorSpace='named', contrast=1.0, depth=-2.0, flipHoriz=False, flipVert=False, font='Arial', fontFiles=[], height=0.1, italic=False, languageStyle='LTR', name='HigherLower_msg2', opacity=1.0, ori=0, pos=array([0. , 0.1]), rgb=array([0., 0., 0.]), text=str(...), units='height', win=Window(...), wrapWidth=1)
14.2730 	EXP 	Created text_2 = TextStim(__class__=<class 'psychopy.visual.text.TextStim'>, alignHoriz='center', alignVert='center', antialias=True, autoLog=True, bold=False, color='black', colorSpace='named', contrast=1.0, depth=-4.0, flipHoriz=False, flipVert=False, font='Arial', fontFiles=[], height=0.1, italic=False, languageStyle='LTR', name='text_2', opacity=1.0, ori=0, pos=array([0., 0.]), rgb=array([0., 0., 0.]), text='default text', units='height', win=Window(...), wrapWidth=1)
14.2902 	EXP 	Created text_5 = TextStim(__class__=<class 'psychopy.visual.text.TextStim'>, alignHoriz='center', alignVert='center', antialias=True, autoLog=True, bold=False, color='black', colorSpace='named', contrast=1.0, depth=0.0, flipHoriz=False, flipVert=False, font='Arial', fontFiles=[], height=0.1, italic=False, languageStyle='LTR', name='text_5', opacity=1.0, ori=0, pos=array([0., 0.]), rgb=array([0., 0., 0.]), text='Thank you for participating in the experiment.', units='height', win=Window(...), wrapWidth=1)
14.3123 	EXP 	text: autoDraw = True
16.7292 	EXP 	Imported practice_stimuli.xlsx as conditions, 8 conditions, 3 params
16.7297 	EXP 	Created sequence: fullRandom, trialTypes=8, nReps=1, seed=None
16.7300 	EXP 	New trial (rep=0, index=0): OrderedDict([('sound1', 'sound/medMusic40.wav'), ('sound2', 'sound/medMusic44.wav'), ('corrAns', '/')])
16.8476 	DATA 	Keypress: space
16.8622 	EXP 	text: autoDraw = False
16.8622 	EXP 	HigherLower_msg1: color = 'black (named)'
16.8622 	EXP 	HigherLower_msg1: pos = array([0. , 0.1])
16.8622 	EXP 	HigherLower_msg1: text = 'Was the second tone higher ("/") or lower ("z") than the first tone?\n\n'
16.8622 	EXP 	HigherLower_msg1: font = 'Arial'
16.8622 	EXP 	HigherLower_msg1: height = 0.05
16.8622 	EXP 	text_3: text = '1/8'
16.8622 	EXP 	HigherLower_msg1: autoDraw = True
16.8622 	EXP 	text_3: autoDraw = True
16.8622 	EXP 	HigherLower_msg1: text = 'Was the second tone higher ("/") or lower ("z") than the first tone?\n\n'
20.1990 	DATA 	Keypress: slash
23.6694 	DATA 	Keypress: slash
24.8490 	DATA 	Keypress: slash
25.3325 	DATA 	Keypress: slash
25.5657 	DATA 	Keypress: slash
25.7656 	DATA 	Keypress: slash
26.0163 	DATA 	Keypress: slash
26.2499 	DATA 	Keypress: slash
27.3497 	DATA 	Keypress: q
28.1001 	DATA 	Keypress: escape
28.5945 	EXP 	window1: mouseVisible = True
